<?xml version="1.0" encoding="UTF-8"?>
<!-- Generated by org.testng.reporters.JUnitReportReporter -->
<testsuite hostname="Rania-LAP" failures="0" tests="2" name="tests.SearchingTest" time="11.195" errors="0" timestamp="2021-02-06T14:06:58 EET" skipped="0">
  <testcase classname="tests.SearchingTest" name="SearchingFunction" time="9.392"/>
  <system-out/>
  <testcase classname="tests.SearchingTest" name="ClickTheSecondLesson" time="1.803"/>
  <system-out/>
</testsuite> <!-- tests.SearchingTest -->
