<?xml version="1.0" encoding="UTF-8"?>
<!-- Generated by org.testng.reporters.JUnitReportReporter -->
<testsuite hostname="Rania-LAP" failures="0" tests="1" name="tests.LeasonInnerPageTests" time="3.955" errors="0" timestamp="2021-02-06T09:56:54 EET" skipped="0">
  <testcase classname="tests.LeasonInnerPageTests" name="InnerLeason" time="3.955"/>
  <system-out/>
</testsuite> <!-- tests.LeasonInnerPageTests -->
