<?xml version="1.0" encoding="UTF-8"?>
<!-- Generated by org.testng.reporters.JUnitReportReporter -->
<testsuite hostname="Rania-LAP" failures="0" tests="1" name="tests.WorkSheetTests" time="0.042" errors="0" timestamp="2021-02-06T13:45:47 EET" skipped="0">
  <testcase classname="tests.WorkSheetTests" name="CountingQuestions" time="0.042"/>
  <system-out/>
</testsuite> <!-- tests.WorkSheetTests -->
