<?xml version="1.0" encoding="UTF-8"?>
<!-- Generated by org.testng.reporters.JUnitReportReporter -->
<testsuite hostname="Rania-LAP" failures="0" tests="1" name="tests.SelectingLanguageTest" time="2.032" errors="0" timestamp="2021-02-06T14:06:58 EET" skipped="0">
  <testcase classname="tests.SelectingLanguageTest" name="SelectWebsiteLanguage" time="2.032"/>
  <system-out/>
</testsuite> <!-- tests.SelectingLanguageTest -->
