<?xml version="1.0" encoding="UTF-8"?>
<!-- Generated by org.testng.reporters.JUnitReportReporter -->
<testsuite hostname="Rania-LAP" failures="0" tests="2" name="tests.SearchingTest" time="10.400" errors="0" timestamp="2021-02-06T13:45:47 EET" skipped="0">
  <testcase classname="tests.SearchingTest" name="SearchingFunction" time="8.862"/>
  <system-out/>
  <testcase classname="tests.SearchingTest" name="ClickTheSecondLesson" time="1.538"/>
  <system-out/>
</testsuite> <!-- tests.SearchingTest -->
