<?xml version="1.0" encoding="UTF-8"?>
<!-- Generated by org.testng.reporters.JUnitReportReporter -->
<testsuite hostname="Rania-LAP" failures="0" tests="4" name="runner.TestRunner" time="13.359" errors="0" timestamp="2021-02-06T14:08:09 EET" skipped="0">
  <testcase classname="runner.TestRunner" name="runScenario" time="1.663"/>
  <system-out/>
  <testcase classname="runner.TestRunner" name="runScenario" time="10.699"/>
  <system-out/>
  <testcase classname="runner.TestRunner" name="runScenario" time="0.944"/>
  <system-out/>
  <testcase classname="runner.TestRunner" name="runScenario" time="0.053"/>
  <system-out/>
</testsuite> <!-- runner.TestRunner -->
