<?xml version="1.0" encoding="UTF-8"?>
<!-- Generated by org.testng.reporters.JUnitReportReporter -->
<testsuite hostname="Rania-LAP" failures="0" tests="4" name="runner.TestRunner" time="12.841" errors="0" timestamp="2021-02-06T13:36:19 EET" skipped="0">
  <testcase classname="runner.TestRunner" name="runScenario" time="1.359"/>
  <system-out/>
  <testcase classname="runner.TestRunner" name="runScenario" time="10.534"/>
  <system-out/>
  <testcase classname="runner.TestRunner" name="runScenario" time="0.910"/>
  <system-out/>
  <testcase classname="runner.TestRunner" name="runScenario" time="0.038"/>
  <system-out/>
</testsuite> <!-- runner.TestRunner -->
